TN:
SF:/Users/Junior/Documents/workspace_node/claro-brasil-challenge-backend-nodejs/config/database.js
FNF:0
FNH:0
DA:1,6
DA:3,6
LF:2
LH:2
BRF:0
BRH:0
end_of_record
TN:
SF:/Users/Junior/Documents/workspace_node/claro-brasil-challenge-backend-nodejs/config/server.js
FNF:0
FNH:0
DA:1,3
DA:2,3
DA:3,3
DA:5,3
DA:7,3
DA:8,3
DA:9,3
DA:11,3
DA:13,3
LF:9
LH:9
BRF:0
BRH:0
end_of_record
TN:
SF:/Users/Junior/Documents/workspace_node/claro-brasil-challenge-backend-nodejs/controllers/device_controller.js
FN:4,(anonymous_0)
FN:9,(anonymous_1)
FNF:2
FNH:2
FNDA:1,(anonymous_0)
FNDA:1,(anonymous_1)
DA:1,3
DA:5,1
DA:6,1
DA:10,1
DA:11,1
DA:15,3
LF:6
LH:6
BRF:0
BRH:0
end_of_record
TN:
SF:/Users/Junior/Documents/workspace_node/claro-brasil-challenge-backend-nodejs/controllers/index.js
FNF:0
FNH:0
DA:1,3
DA:3,3
LF:2
LH:2
BRF:0
BRH:0
end_of_record
TN:
SF:/Users/Junior/Documents/workspace_node/claro-brasil-challenge-backend-nodejs/errors/device_change_error.js
FN:3,(anonymous_0)
FNF:1
FNH:1
FNDA:1,(anonymous_0)
DA:4,1
DA:5,1
DA:6,1
DA:10,6
LF:4
LH:4
BRF:0
BRH:0
end_of_record
TN:
SF:/Users/Junior/Documents/workspace_node/claro-brasil-challenge-backend-nodejs/errors/device_limit_exceeded_error.js
FN:4,(anonymous_0)
FNF:1
FNH:1
FNDA:4,(anonymous_0)
DA:1,6
DA:5,4
DA:6,4
DA:7,4
DA:8,4
DA:9,4
DA:13,6
LF:7
LH:7
BRDA:9,0,0,2
BRDA:9,0,1,2
BRF:2
BRH:2
end_of_record
TN:
SF:/Users/Junior/Documents/workspace_node/claro-brasil-challenge-backend-nodejs/errors/index.js
FNF:0
FNH:0
DA:1,6
DA:3,6
LF:2
LH:2
BRF:0
BRH:0
end_of_record
TN:
SF:/Users/Junior/Documents/workspace_node/claro-brasil-challenge-backend-nodejs/errors/missing_field_error.js
FN:2,(anonymous_0)
FNF:1
FNH:1
FNDA:8,(anonymous_0)
DA:3,8
DA:4,8
DA:5,8
DA:9,6
LF:4
LH:4
BRF:0
BRH:0
end_of_record
TN:
SF:/Users/Junior/Documents/workspace_node/claro-brasil-challenge-backend-nodejs/middlewares/change_device_middleware.js
FN:8,(anonymous_0)
FNF:1
FNH:1
FNDA:1,(anonymous_0)
DA:1,6
DA:2,6
DA:3,6
DA:5,6
DA:9,1
DA:11,1
DA:12,1
DA:17,6
LF:8
LH:8
BRDA:11,0,0,1
BRDA:11,0,1,0
BRF:2
BRH:1
end_of_record
TN:
SF:/Users/Junior/Documents/workspace_node/claro-brasil-challenge-backend-nodejs/middlewares/create_device_middleware.js
FN:9,(anonymous_0)
FN:13,(anonymous_1)
FN:22,(anonymous_2)
FN:31,(anonymous_3)
FNF:4
FNH:4
FNDA:6,(anonymous_0)
FNDA:3,(anonymous_1)
FNDA:5,(anonymous_2)
FNDA:2,(anonymous_3)
DA:1,6
DA:2,6
DA:3,6
DA:4,6
DA:6,6
DA:10,6
DA:14,3
DA:15,3
DA:16,1
DA:18,2
DA:23,5
DA:24,5
DA:26,5
DA:27,4
DA:32,2
DA:34,2
DA:35,1
DA:38,2
DA:42,6
LF:19
LH:19
BRDA:26,0,0,4
BRDA:26,0,1,1
BRDA:34,1,0,1
BRDA:34,1,1,1
BRF:4
BRH:4
end_of_record
TN:
SF:/Users/Junior/Documents/workspace_node/claro-brasil-challenge-backend-nodejs/middlewares/index.js
FNF:0
FNH:0
DA:1,6
DA:3,6
LF:2
LH:2
BRF:0
BRH:0
end_of_record
TN:
SF:/Users/Junior/Documents/workspace_node/claro-brasil-challenge-backend-nodejs/middlewares/payload_validation_middleware.js
FN:7,(anonymous_0)
FN:11,(anonymous_1)
FN:15,(anonymous_2)
FN:19,(anonymous_3)
FN:28,(anonymous_4)
FN:32,(anonymous_5)
FNF:6
FNH:6
FNDA:6,(anonymous_0)
FNDA:6,(anonymous_1)
FNDA:2,(anonymous_2)
FNDA:8,(anonymous_3)
FNDA:9,(anonymous_4)
FNDA:3,(anonymous_5)
DA:1,6
DA:3,6
DA:4,6
DA:8,6
DA:12,6
DA:16,2
DA:20,8
DA:21,8
DA:22,4
DA:24,4
DA:29,9
DA:33,3
DA:37,6
LF:13
LH:13
BRF:0
BRH:0
end_of_record
TN:
SF:/Users/Junior/Documents/workspace_node/claro-brasil-challenge-backend-nodejs/models/device.js
FN:5,(anonymous_0)
FN:7,(anonymous_1)
FNF:2
FNH:2
FNDA:6,(anonymous_0)
FNDA:6,(anonymous_1)
DA:3,6
DA:5,6
DA:8,6
DA:20,6
LF:4
LH:4
BRF:0
BRH:0
end_of_record
TN:
SF:/Users/Junior/Documents/workspace_node/claro-brasil-challenge-backend-nodejs/models/index.js
FN:20,(anonymous_0)
FN:23,(anonymous_1)
FNF:2
FNH:2
FNDA:12,(anonymous_0)
FNDA:6,(anonymous_1)
DA:3,6
DA:4,6
DA:5,6
DA:6,6
DA:7,6
DA:8,6
DA:9,6
DA:12,6
DA:13,0
DA:15,6
DA:18,6
DA:21,12
DA:24,6
DA:25,6
DA:28,6
DA:29,6
DA:31,6
LF:17
LH:16
BRDA:7,0,0,6
BRDA:7,0,1,0
BRDA:12,1,0,0
BRDA:12,1,1,6
BRDA:21,2,0,12
BRDA:21,2,1,12
BRDA:21,2,2,6
BRF:7
BRH:5
end_of_record
TN:
SF:/Users/Junior/Documents/workspace_node/claro-brasil-challenge-backend-nodejs/routes/devices.js
FN:4,(anonymous_0)
FNF:1
FNH:1
FNDA:3,(anonymous_0)
DA:2,3
DA:3,3
DA:4,3
DA:5,3
DA:6,3
LF:5
LH:5
BRF:0
BRH:0
end_of_record
TN:
SF:/Users/Junior/Documents/workspace_node/claro-brasil-challenge-backend-nodejs/routes/index.js
FN:4,(anonymous_0)
FN:7,(anonymous_1)
FNF:2
FNH:2
FNDA:3,(anonymous_0)
FNDA:6,(anonymous_1)
DA:1,3
DA:2,3
DA:4,3
DA:5,3
DA:7,3
DA:8,6
DA:9,3
DA:13,3
LF:8
LH:8
BRDA:8,0,0,3
BRDA:8,0,1,3
BRF:2
BRH:2
end_of_record
TN:
SF:/Users/Junior/Documents/workspace_node/claro-brasil-challenge-backend-nodejs/schemas/change_device_name.js
FN:5,(anonymous_0)
FNF:1
FNH:1
FNDA:2,(anonymous_0)
DA:1,6
DA:2,6
DA:4,6
DA:5,2
DA:8,6
LF:5
LH:5
BRF:0
BRH:0
end_of_record
TN:
SF:/Users/Junior/Documents/workspace_node/claro-brasil-challenge-backend-nodejs/schemas/create_device.js
FN:5,(anonymous_0)
FN:6,(anonymous_1)
FN:7,(anonymous_2)
FNF:3
FNH:3
FNDA:2,(anonymous_0)
FNDA:2,(anonymous_1)
FNDA:2,(anonymous_2)
DA:1,6
DA:2,6
DA:4,6
DA:5,2
DA:6,2
DA:7,2
DA:10,6
LF:7
LH:7
BRF:0
BRH:0
end_of_record
TN:
SF:/Users/Junior/Documents/workspace_node/claro-brasil-challenge-backend-nodejs/schemas/index.js
FNF:0
FNH:0
DA:1,6
DA:3,6
LF:2
LH:2
BRF:0
BRH:0
end_of_record
TN:
SF:/Users/Junior/Documents/workspace_node/claro-brasil-challenge-backend-nodejs/utils/change_devices_utils.js
FN:6,(anonymous_0)
FN:11,(anonymous_1)
FN:15,(anonymous_2)
FN:16,(anonymous_3)
FN:22,(anonymous_4)
FNF:5
FNH:5
FNDA:6,(anonymous_0)
FNDA:7,(anonymous_1)
FNDA:8,(anonymous_2)
FNDA:24,(anonymous_3)
FNDA:1,(anonymous_4)
DA:1,6
DA:2,6
DA:3,6
DA:7,6
DA:8,6
DA:12,7
DA:16,8
DA:17,24
DA:19,8
DA:23,1
DA:24,1
DA:28,6
LF:12
LH:12
BRDA:17,0,0,24
BRDA:17,0,1,21
BRF:2
BRH:2
end_of_record
